<?xml version="1.0" encoding="UTF-8"?>
<!-- Generated by org.testng.reporters.JUnitXMLReporter -->
<testsuite hostname="sureshsir-PC" name="Default test" tests="3" failures="0" timestamp="27 Dec 2016 05:11:46 GMT" time="5.59" errors="0">
  <testcase name="bankerLoginDDT" time="2.388" classname="com.qedge.tests.BankerLoginDDT"/>
  <testcase name="bankerLoginDDT" time="1.015" classname="com.qedge.tests.BankerLoginDDT"/>
  <testcase name="bankerLoginDDT" time="0.953" classname="com.qedge.tests.BankerLoginDDT"/>
</testsuite> <!-- Default test -->
